<?xml version="1.0" encoding="UTF-8"?>
<testsuite name="org.baha.PrimeTests" tests="2" skipped="0" failures="0" errors="0" timestamp="2020-05-04T23:22:20" hostname="DESKTOP-E2AAC4S" time="0.015">
  <properties/>
  <testcase name="testNonPrime" classname="org.baha.PrimeTests" time="0.01"/>
  <testcase name="testPrime" classname="org.baha.PrimeTests" time="0.0"/>
  <system-out><![CDATA[]]></system-out>
  <system-err><![CDATA[]]></system-err>
</testsuite>
