<?xml version="1.0" encoding="UTF-8"?>
<testsuite name="org.baha.EquationTest" tests="3" skipped="0" failures="0" errors="0" timestamp="2020-04-29T17:04:01" hostname="DESKTOP-E2AAC4S" time="0.016">
  <properties/>
  <testcase name="test0" classname="org.baha.EquationTest" time="0.016"/>
  <testcase name="test1" classname="org.baha.EquationTest" time="0.0"/>
  <testcase name="test2" classname="org.baha.EquationTest" time="0.0"/>
  <system-out><![CDATA[]]></system-out>
  <system-err><![CDATA[]]></system-err>
</testsuite>
