<?xml version="1.0" encoding="UTF-8"?>
<!-- Generated by org.testng.reporters.JUnitReportReporter -->
<testsuite skipped="0" hostname="NB464" name="org.addressbook.tests.GroupModificationTests" tests="1" failures="0" timestamp="2020-05-09T05:38:05 ALMT" time="2.454" errors="0">
  <testcase name="testGroupModification" time="2.454" classname="org.addressbook.tests.GroupModificationTests"/>
  <system-out/>
</testsuite> <!-- org.addressbook.tests.GroupModificationTests -->
