<?xml version="1.0" encoding="UTF-8"?>
<!-- Generated by org.testng.reporters.JUnitReportReporter -->
<testsuite skipped="0" hostname="DESKTOP-E2AAC4S" name="org.addressbook.tests.GroupCreationTests" tests="1" failures="0" timestamp="2020-05-02T15:53:19 ALMT" time="16.671" errors="0">
  <testcase name="firstTest" time="16.671" classname="org.addressbook.tests.GroupCreationTests"/>
  <system-out/>
</testsuite> <!-- org.addressbook.tests.GroupCreationTests -->
