<?xml version="1.0" encoding="UTF-8"?>
<!-- Generated by org.testng.reporters.JUnitReportReporter -->
<testsuite skipped="0" hostname="DESKTOP-E2AAC4S" name="org.addressbook.tests.ContactModificationTests" tests="1" failures="0" timestamp="2020-05-02T05:07:29 ALMT" time="43.704" errors="0">
  <testcase name="testContactModification" time="43.704" classname="org.addressbook.tests.ContactModificationTests"/>
  <system-out/>
</testsuite> <!-- org.addressbook.tests.ContactModificationTests -->
