<?xml version="1.0" encoding="UTF-8"?>
<!-- Generated by org.testng.reporters.JUnitReportReporter -->
<testsuite skipped="0" hostname="NB464" name="org.addressbook.tests.GroupCreationTests" tests="1" failures="0" timestamp="2020-05-09T04:12:26 ALMT" time="2.047" errors="0">
  <testcase name="firstTest" time="2.047" classname="org.addressbook.tests.GroupCreationTests"/>
  <system-out/>
</testsuite> <!-- org.addressbook.tests.GroupCreationTests -->
