<?xml version="1.0" encoding="UTF-8"?>
<!-- Generated by org.testng.reporters.JUnitReportReporter -->
<testsuite skipped="0" hostname="DESKTOP-E2AAC4S" name="com.example.tests.DeleteGroup" tests="1" failures="0" timestamp="2020-04-25T12:49:27 ALMT" time="4.202" errors="0">
  <testcase name="testDeleteGroup" time="4.202" classname="com.example.tests.DeleteGroup"/>
  <system-out/>
</testsuite> <!-- com.example.tests.DeleteGroup -->
