<?xml version="1.0" encoding="UTF-8"?>
<!-- Generated by org.testng.reporters.JUnitReportReporter -->
<testsuite skipped="0" hostname="DESKTOP-E2AAC4S" name="org.addressbook.tests.GroupModificationTests" tests="1" failures="0" timestamp="2020-05-07T15:39:41 ALMT" time="22.073" errors="0">
  <testcase name="testGroupModification" time="22.073" classname="org.addressbook.tests.GroupModificationTests"/>
  <system-out/>
</testsuite> <!-- org.addressbook.tests.GroupModificationTests -->
