<?xml version="1.0" encoding="UTF-8"?>
<!-- Generated by org.testng.reporters.JUnitReportReporter -->
<testsuite skipped="0" hostname="DESKTOP-E2AAC4S" name="org.addressbook.GroupDeletionTests" tests="1" failures="0" timestamp="2020-04-25T13:30:53 ALMT" time="48.691" errors="0">
  <testcase name="testGroupDeletion" time="48.691" classname="org.addressbook.GroupDeletionTests"/>
  <system-out/>
</testsuite> <!-- org.addressbook.GroupDeletionTests -->
