<?xml version="1.0" encoding="UTF-8"?>
<!-- Generated by org.testng.reporters.JUnitReportReporter -->
<testsuite skipped="0" hostname="DESKTOP-E2AAC4S" name="org.addressbook.tests.ContactCreationTests" tests="1" failures="0" timestamp="2020-05-02T05:06:23 ALMT" time="16.239" errors="0">
  <testcase name="testContactCreation" time="16.239" classname="org.addressbook.tests.ContactCreationTests"/>
  <system-out/>
</testsuite> <!-- org.addressbook.tests.ContactCreationTests -->
