<?xml version="1.0" encoding="UTF-8"?>
<!-- Generated by org.testng.reporters.JUnitReportReporter -->
<testsuite skipped="0" hostname="DESKTOP-E2AAC4S" name="org.addressbook.tests.ContactCreationTests" tests="1" failures="0" timestamp="2020-05-03T02:17:31 ALMT" time="15.541" errors="0">
  <testcase name="testContactCreation" time="15.541" classname="org.addressbook.tests.ContactCreationTests"/>
  <system-out/>
</testsuite> <!-- org.addressbook.tests.ContactCreationTests -->
