<?xml version="1.0" encoding="UTF-8"?>
<!-- Generated by org.testng.reporters.JUnitReportReporter -->
<testsuite skipped="0" hostname="NB464" name="org.addressbook.tests.GroupDeletionTests" tests="1" failures="0" timestamp="2020-05-09T04:12:26 ALMT" time="1.579" errors="0">
  <testcase name="testGroupDeletion" time="1.579" classname="org.addressbook.tests.GroupDeletionTests"/>
  <system-out/>
</testsuite> <!-- org.addressbook.tests.GroupDeletionTests -->
