<?xml version="1.0" encoding="UTF-8"?>
<!-- Generated by org.testng.reporters.JUnitReportReporter -->
<testsuite skipped="0" hostname="DESKTOP-E2AAC4S" name="org.addressbook.CreateContact" tests="1" failures="0" timestamp="2020-04-25T12:43:35 ALMT" time="19.105" errors="0">
  <testcase name="testCreateContact" time="19.105" classname="org.addressbook.CreateContact"/>
  <system-out/>
</testsuite> <!-- org.addressbook.CreateContact -->
