<?xml version="1.0" encoding="UTF-8"?>
<!-- Generated by org.testng.reporters.JUnitReportReporter -->
<testsuite skipped="0" hostname="DESKTOP-E2AAC4S" name="org.addressbook.tests.GroupModificationTests" tests="1" failures="0" timestamp="2020-05-02T01:16:46 ALMT" time="18.281" errors="0">
  <testcase name="testGroupModification" time="18.281" classname="org.addressbook.tests.GroupModificationTests"/>
  <system-out/>
</testsuite> <!-- org.addressbook.tests.GroupModificationTests -->
