<?xml version="1.0" encoding="UTF-8"?>
<!-- Generated by org.testng.reporters.JUnitReportReporter -->
<testsuite skipped="0" hostname="DESKTOP-E2AAC4S" name="org.addressbook.tests.GroupCreationTests" tests="1" failures="0" timestamp="2020-05-07T15:40:29 ALMT" time="18.121" errors="0">
  <testcase name="firstTest" time="18.121" classname="org.addressbook.tests.GroupCreationTests"/>
  <system-out/>
</testsuite> <!-- org.addressbook.tests.GroupCreationTests -->
