<?xml version="1.0" encoding="UTF-8"?>
<!-- Generated by org.testng.reporters.JUnitReportReporter -->
<testsuite skipped="0" hostname="DESKTOP-E2AAC4S" name="org.addressbook.tests.ContactDeletionTests" tests="1" failures="0" timestamp="2020-05-03T02:47:35 ALMT" time="14.785" errors="0">
  <testcase name="testContactDeletion" time="14.785" classname="org.addressbook.tests.ContactDeletionTests"/>
  <system-out/>
</testsuite> <!-- org.addressbook.tests.ContactDeletionTests -->
