<?xml version="1.0" encoding="UTF-8"?>
<!-- Generated by org.testng.reporters.JUnitReportReporter -->
<testsuite skipped="0" hostname="DESKTOP-E2AAC4S" name="org.addressbook.FirstTest" tests="1" failures="0" timestamp="2020-04-24T04:09:48 ALMT" time="17.028" errors="0">
  <testcase name="firstTest" time="17.028" classname="org.addressbook.FirstTest"/>
  <system-out/>
</testsuite> <!-- org.addressbook.FirstTest -->
