<?xml version="1.0" encoding="UTF-8"?>
<!-- Generated by org.testng.reporters.JUnitReportReporter -->
<testsuite skipped="0" hostname="DESKTOP-E2AAC4S" name="org.addressbook.tests.GroupDeletionTests" tests="1" failures="0" timestamp="2020-05-03T02:53:51 ALMT" time="14.737" errors="0">
  <testcase name="testGroupDeletion" time="14.737" classname="org.addressbook.tests.GroupDeletionTests"/>
  <system-out/>
</testsuite> <!-- org.addressbook.tests.GroupDeletionTests -->
