<?xml version="1.0" encoding="UTF-8"?>
<!-- Generated by org.testng.reporters.JUnitReportReporter -->
<testsuite skipped="0" hostname="DESKTOP-E2AAC4S" name="org.addressbook.tests.GroupModificationTests" tests="1" failures="0" timestamp="2020-04-30T03:33:05 ALMT" time="11.062" errors="0">
  <testcase name="testGroupModification" time="11.062" classname="org.addressbook.tests.GroupModificationTests"/>
  <system-out/>
</testsuite> <!-- org.addressbook.tests.GroupModificationTests -->
