<?xml version="1.0" encoding="UTF-8"?>
<!-- Generated by org.testng.reporters.JUnitReportReporter -->
<testsuite skipped="0" hostname="DESKTOP-E2AAC4S" name="org.baha.EquationTest" tests="6" failures="0" timestamp="2020-04-30T02:05:16 ALMT" time="0.017" errors="0">
  <testcase name="test2" time="0.000" classname="org.baha.EquationTest"/>
  <system-out/>
  <testcase name="test1" time="0.000" classname="org.baha.EquationTest"/>
  <system-out/>
  <testcase name="testZero" time="0.000" classname="org.baha.EquationTest"/>
  <system-out/>
  <testcase name="test0" time="0.016" classname="org.baha.EquationTest"/>
  <system-out/>
  <testcase name="testLinear" time="0.001" classname="org.baha.EquationTest"/>
  <system-out/>
  <testcase name="testConstant" time="0.000" classname="org.baha.EquationTest"/>
  <system-out/>
</testsuite> <!-- org.baha.EquationTest -->
