<?xml version="1.0" encoding="UTF-8"?>
<!-- Generated by org.testng.reporters.JUnitReportReporter -->
<testsuite skipped="0" hostname="DESKTOP-E2AAC4S" name="org.baha.SquareTests" tests="1" failures="0" timestamp="2020-04-24T02:06:51 ALMT" time="0.010" errors="0">
  <testcase name="testArea" time="0.010" classname="org.baha.SquareTests"/>
  <system-out/>
</testsuite> <!-- org.baha.SquareTests -->
