<?xml version="1.0" encoding="UTF-8"?>
<!-- Generated by org.testng.reporters.JUnitReportReporter -->
<testsuite skipped="1" hostname="DESKTOP-E2AAC4S" name="org.baha.PrimeTests" tests="3" failures="0" timestamp="2020-05-05T05:22:20 ALMT" time="0.010" errors="0">
  <testcase name="testPrime" time="0.000" classname="org.baha.PrimeTests"/>
  <system-out/>
  <testcase name="testNonPrime" time="0.010" classname="org.baha.PrimeTests"/>
  <system-out/>
  <testcase name="testPrimeLong" classname="org.baha.PrimeTests">
    <skipped/>
  </testcase> <!-- testPrimeLong -->
  <system-out/>
</testsuite> <!-- org.baha.PrimeTests -->
