<?xml version="1.0" encoding="UTF-8"?>
<testsuite name="org.addressbook.FirstTest" tests="1" skipped="0" failures="0" errors="0" timestamp="2020-04-23T22:09:42" hostname="DESKTOP-E2AAC4S" time="2.094">
  <properties/>
  <testcase name="firstTest" classname="org.addressbook.FirstTest" time="2.094"/>
  <system-out><![CDATA[]]></system-out>
  <system-err><![CDATA[1587679772421	mozrunner::runner	INFO	Running command: "C:\\Program Files\\Mozilla Firefox\\firefox.exe" "-marionette" "-foreground" "-no-remote" "-profile" "C:\\Users\\admin\\AppData\\Local\\Temp\\rust_mozprofilernAg4I"
1587679773644	addons.webextension.doh-rollout@mozilla.org	WARN	Loading extension 'doh-rollout@mozilla.org': Reading manifest: Invalid extension permission: networkStatus
1587679775508	addons.webextension.screenshots@mozilla.org	WARN	Loading extension 'screenshots@mozilla.org': Reading manifest: Invalid extension permission: mozillaAddons
1587679775508	addons.webextension.screenshots@mozilla.org	WARN	Loading extension 'screenshots@mozilla.org': Reading manifest: Invalid extension permission: telemetry
1587679775508	addons.webextension.screenshots@mozilla.org	WARN	Loading extension 'screenshots@mozilla.org': Reading manifest: Invalid extension permission: resource://pdf.js/
1587679775508	addons.webextension.screenshots@mozilla.org	WARN	Loading extension 'screenshots@mozilla.org': Reading manifest: Invalid extension permission: about:reader*
JavaScript error: resource://gre/modules/XULStore.jsm, line 66: Error: Can't find profile directory.
1587679779165	Marionette	INFO	Listening on port 49526
1587679779298	Marionette	WARN	TLS certificate errors will be ignored for this session
апр 24, 2020 4:09:39 AM org.openqa.selenium.remote.ProtocolHandshake createSession
INFO: Detected dialect: W3C
1587679784159	Marionette	INFO	Stopped listening on port 49526

###!!! [Child][RunMessage] Error: Channel closing: too late to send/recv, messages will be lost


###!!! [Child][MessageChannel::SendAndWait] Error: Channel error: cannot send/recv

]]></system-err>
</testsuite>
