<?xml version="1.0" encoding="UTF-8"?>
<testsuite name="org.addressbook.tests.GroupCreationTests" tests="1" skipped="0" failures="0" errors="0" timestamp="2020-05-08T23:37:58" hostname="NB464" time="1.985">
  <properties/>
  <testcase name="firstTest" classname="org.addressbook.tests.GroupCreationTests" time="1.985"/>
  <system-out><![CDATA[]]></system-out>
  <system-err><![CDATA[]]></system-err>
</testsuite>
