<?xml version="1.0" encoding="UTF-8"?>
<testsuite name="org.addressbook.tests.GroupModificationTests" tests="1" skipped="0" failures="0" errors="0" timestamp="2020-04-29T21:33:00" hostname="DESKTOP-E2AAC4S" time="4.654">
  <properties/>
  <testcase name="testGroupModification" classname="org.addressbook.tests.GroupModificationTests" time="4.654"/>
  <system-out><![CDATA[]]></system-out>
  <system-err><![CDATA[[03:32:55.575] - Listening on http://127.0.0.1:27789/ 
[03:32:55.575] - Listening on http://[::1]:27789/ 
апр 30, 2020 3:32:57 AM org.openqa.selenium.remote.ProtocolHandshake createSession
INFO: Detected dialect: W3C
The following JSON wire protocol command endpoint is not allowed when server is running in W3C mode.
GET /shutdown

]]></system-err>
</testsuite>
