<?xml version="1.0" encoding="UTF-8"?>
<testsuite name="org.addressbook.FirstTest" tests="1" skipped="0" failures="0" errors="0" timestamp="2020-04-23T21:29:13" hostname="DESKTOP-E2AAC4S" time="5.847">
  <properties/>
  <testcase name="FirstTest" classname="org.addressbook.FirstTest" time="5.847"/>
  <system-out><![CDATA[]]></system-out>
  <system-err><![CDATA[1587677346494	mozrunner::runner	INFO	Running command: "C:\\Program Files\\Mozilla Firefox\\firefox.exe" "-marionette" "-foreground" "-no-remote" "-profile" "C:\\Users\\admin\\AppData\\Local\\Temp\\rust_mozprofileaLufmY"
1587677347644	addons.webextension.doh-rollout@mozilla.org	WARN	Loading extension 'doh-rollout@mozilla.org': Reading manifest: Invalid extension permission: networkStatus
1587677349594	addons.webextension.screenshots@mozilla.org	WARN	Loading extension 'screenshots@mozilla.org': Reading manifest: Invalid extension permission: mozillaAddons
1587677349594	addons.webextension.screenshots@mozilla.org	WARN	Loading extension 'screenshots@mozilla.org': Reading manifest: Invalid extension permission: telemetry
1587677349595	addons.webextension.screenshots@mozilla.org	WARN	Loading extension 'screenshots@mozilla.org': Reading manifest: Invalid extension permission: resource://pdf.js/
1587677349595	addons.webextension.screenshots@mozilla.org	WARN	Loading extension 'screenshots@mozilla.org': Reading manifest: Invalid extension permission: about:reader*
JavaScript error: resource://gre/modules/XULStore.jsm, line 66: Error: Can't find profile directory.
1587677353615	Marionette	INFO	Listening on port 65250
1587677353872	Marionette	WARN	TLS certificate errors will be ignored for this session
апр 24, 2020 3:29:13 AM org.openqa.selenium.remote.ProtocolHandshake createSession
INFO: Detected dialect: W3C
JavaScript error: resource://gre/modules/NetworkGeolocationProvider.jsm, line 555: TypeError: xhr.response.location is undefined
]]></system-err>
</testsuite>
