<?xml version="1.0" encoding="UTF-8"?>
<testsuite name="org.addressbook.tests.GroupModificationTests" tests="1" skipped="0" failures="0" errors="0" timestamp="2020-05-08T23:38:02" hostname="NB464" time="2.047">
  <properties/>
  <testcase name="testGroupModification" classname="org.addressbook.tests.GroupModificationTests" time="2.047"/>
  <system-out><![CDATA[]]></system-out>
  <system-err><![CDATA[]]></system-err>
</testsuite>
