<?xml version="1.0" encoding="UTF-8"?>
<testsuite name="org.addressbook.FirstTest" tests="1" skipped="0" failures="0" errors="0" timestamp="2020-04-23T21:51:03" hostname="DESKTOP-E2AAC4S" time="2.039">
  <properties/>
  <testcase name="firstTest" classname="org.addressbook.FirstTest" time="2.039"/>
  <system-out><![CDATA[]]></system-out>
  <system-err><![CDATA[1587678654677	mozrunner::runner	INFO	Running command: "C:\\Program Files\\Mozilla Firefox\\firefox.exe" "-marionette" "-foreground" "-no-remote" "-profile" "C:\\Users\\admin\\AppData\\Local\\Temp\\rust_mozprofilezr70NK"
1587678655339	addons.webextension.doh-rollout@mozilla.org	WARN	Loading extension 'doh-rollout@mozilla.org': Reading manifest: Invalid extension permission: networkStatus
1587678657069	addons.webextension.screenshots@mozilla.org	WARN	Loading extension 'screenshots@mozilla.org': Reading manifest: Invalid extension permission: mozillaAddons
1587678657069	addons.webextension.screenshots@mozilla.org	WARN	Loading extension 'screenshots@mozilla.org': Reading manifest: Invalid extension permission: telemetry
1587678657069	addons.webextension.screenshots@mozilla.org	WARN	Loading extension 'screenshots@mozilla.org': Reading manifest: Invalid extension permission: resource://pdf.js/
1587678657069	addons.webextension.screenshots@mozilla.org	WARN	Loading extension 'screenshots@mozilla.org': Reading manifest: Invalid extension permission: about:reader*
JavaScript error: resource://gre/modules/XULStore.jsm, line 66: Error: Can't find profile directory.
1587678660286	Marionette	INFO	Listening on port 49344
1587678660448	Marionette	WARN	TLS certificate errors will be ignored for this session
апр 24, 2020 3:51:00 AM org.openqa.selenium.remote.ProtocolHandshake createSession
INFO: Detected dialect: W3C
1587678665720	Marionette	INFO	Stopped listening on port 49344

###!!! [Child][RunMessage] Error: Channel closing: too late to send/recv, messages will be lost

]]></system-err>
</testsuite>
