<?xml version="1.0" encoding="UTF-8"?>
<testsuite name="org.addressbook.tests.GroupDeletionTests" tests="1" skipped="0" failures="0" errors="0" timestamp="2020-05-08T23:38:01" hostname="NB464" time="1.026">
  <properties/>
  <testcase name="testGroupDeletion" classname="org.addressbook.tests.GroupDeletionTests" time="1.026"/>
  <system-out><![CDATA[]]></system-out>
  <system-err><![CDATA[]]></system-err>
</testsuite>
